<?xml version="1.0" encoding="UTF-8" ?>
<testsuite tests="6" failures="0" name="cn.sheledon.test.studentTest.IStudentDaoTest" time="0.037" errors="0" skipped="0">
  <properties>
[...]
</properties>
  <testcase classname="cn.sheledon.test.studentTest.IStudentDaoTest" name="getStudentInfoTest" time="0"/>
  <testcase classname="cn.sheledon.test.studentTest.IStudentDaoTest" name="getStuInfoByTeacherIdAndIdTestFalse" time="0.006"/>
  <testcase classname="cn.sheledon.test.studentTest.IStudentDaoTest" name="getStudentArchiveTest" time="0.012"/>
  <testcase classname="cn.sheledon.test.studentTest.IStudentDaoTest" name="getNameTest" time="0.006"/>
  <testcase classname="cn.sheledon.test.studentTest.IStudentDaoTest" name="getStuInfoByTeacherIdAndIdTestTrue" time="0.006"/>
  <testcase classname="cn.sheledon.test.studentTest.IStudentDaoTest" name="getStudentByUserIdTest" time="0.007"/>
</testsuite>